<?xml version="1.0" encoding="UTF-8"?>
<testsuite xmlns:xsi="http://www.w3.org/2001/XMLSchema-instance" xsi:noNamespaceSchemaLocation="https://maven.apache.org/surefire/maven-surefire-plugin/xsd/surefire-test-report.xsd" version="3.0.1" name="com.nt.main.AppTest" time="0.041" tests="4" errors="0" skipped="0" failures="0">
  <properties>
[...]
</properties>
  <testcase name="testsumwithMixedValues" classname="com.nt.main.AppTest" time="0.02"/>
  <testcase name="testsumwithZeroValues" classname="com.nt.main.AppTest" time="0.001"/>
  <testcase name="testsumwithPositives" classname="com.nt.main.AppTest" time="0.001"/>
  <testcase name="testsumwithNegitives" classname="com.nt.main.AppTest" time="0.001"/>
</testsuite>